<?xml version="1.0" encoding="UTF-8"?>
<!-- Generated by org.testng.reporters.JUnitReportReporter -->
<testsuite hostname="GFG19667-LAPTOP" failures="0" tests="2" name="io.learn.tests.LoginTest" time="0.806" errors="0" timestamp="2025-01-29T11:34:15 IST" skipped="0">
  <testcase classname="io.learn.tests.LoginTest" name="testLoginSuccess" time="0.120"/>
  <testcase classname="io.learn.tests.LoginTest" name="testLoginFailure" time="0.686"/>
</testsuite> <!-- io.learn.tests.LoginTest -->
