<?xml version="1.0" encoding="UTF-8"?>
<!-- Generated by org.testng.reporters.JUnitReportReporter -->
<testsuite hostname="GFG19667-LAPTOP" failures="0" tests="2" name="io.learn.tests.ProductTest" time="0.590" errors="0" timestamp="2025-01-29T12:28:25 IST" skipped="0">
  <testcase classname="io.learn.tests.ProductTest" name="testProductDetails" time="0.090"/>
  <testcase classname="io.learn.tests.ProductTest" name="testAddToCart" time="0.500"/>
</testsuite> <!-- io.learn.tests.ProductTest -->
