<?xml version="1.0" encoding="UTF-8"?>
<!-- Generated by org.testng.reporters.JUnitReportReporter -->
<testsuite hostname="GFG19667-LAPTOP" failures="0" tests="2" name="io.learn.tests.ProductTest" time="0.200" errors="0" timestamp="2025-01-29T11:34:15 IST" skipped="0">
  <testcase classname="io.learn.tests.ProductTest" name="testProductDetails" time="0.079"/>
  <testcase classname="io.learn.tests.ProductTest" name="testAddToCart" time="0.121"/>
</testsuite> <!-- io.learn.tests.ProductTest -->
