<?xml version="1.0" encoding="UTF-8"?>
<!-- Generated by org.testng.reporters.JUnitReportReporter -->
<testsuite hostname="GFG19667-LAPTOP" failures="0" tests="2" name="io.learn.tests.CartTest" time="0.265" errors="0" timestamp="2025-01-29T11:34:15 IST" skipped="0">
  <testcase classname="io.learn.tests.CartTest" name="testAddingProductToCart" time="0.181"/>
  <testcase classname="io.learn.tests.CartTest" name="testRemoveFromCart" time="0.084"/>
</testsuite> <!-- io.learn.tests.CartTest -->
