<?xml version="1.0" encoding="UTF-8"?>
<!-- Generated by org.testng.reporters.JUnitReportReporter -->
<testsuite hostname="GFG19667-LAPTOP" failures="0" tests="1" name="io.learn.FirstTest" time="4.182" errors="0" timestamp="2025-01-27T17:29:26 IST" skipped="0">
  <testcase classname="io.learn.FirstTest" name="testMe" time="4.182"/>
</testsuite> <!-- io.learn.FirstTest -->
