<?xml version="1.0" encoding="UTF-8"?>
<!-- Generated by org.testng.reporters.JUnitReportReporter -->
<testsuite hostname="GFG19667-LAPTOP" failures="0" tests="2" name="io.learn.tests.LoginTest" time="0.746" errors="0" timestamp="2025-01-29T12:06:42 IST" skipped="0">
  <testcase classname="io.learn.tests.LoginTest" name="testLoginSuccess" time="0.090"/>
  <testcase classname="io.learn.tests.LoginTest" name="testLoginFailure" time="0.656"/>
</testsuite> <!-- io.learn.tests.LoginTest -->
