<?xml version="1.0" encoding="UTF-8"?>
<!-- Generated by org.testng.reporters.JUnitReportReporter -->
<testsuite hostname="GFG19667-LAPTOP" failures="0" tests="1" name="io.learn.tests.LoginTest" time="0.647" errors="0" timestamp="2025-01-28T11:47:33 IST" skipped="0">
  <testcase classname="io.learn.tests.LoginTest" name="testLoginFlow" time="0.647"/>
</testsuite> <!-- io.learn.tests.LoginTest -->
